\BOOKMARK [1][-]{section.1}{\376\377\000I\000n\000t\000r\000o\000d\000u\000z\000i\000o\000n\000e}{}% 1
\BOOKMARK [2][-]{subsection.1.1}{\376\377\000D\000i\000s\000p\000o\000s\000i\000t\000i\000v\000o\000\040\000s\000a\000l\000v\000a\000v\000i\000t\000a}{section.1}% 2
\BOOKMARK [2][-]{subsection.1.2}{\376\377\000O\000b\000i\000e\000t\000t\000i\000v\000o\000\040\000d\000e\000l\000\040\000p\000r\000o\000g\000e\000t\000t\000o}{section.1}% 3
\BOOKMARK [1][-]{section.2}{\376\377\000I\000l\000\040\000p\000r\000o\000g\000e\000t\000t\000o}{}% 4
\BOOKMARK [2][-]{subsection.2.1}{\376\377\000S\000t\000r\000u\000t\000t\000u\000r\000a\000\040\000d\000e\000l\000\040\000p\000r\000o\000g\000e\000t\000t\000o}{section.2}% 5
\BOOKMARK [2][-]{subsection.2.2}{\376\377\000S\000c\000e\000l\000t\000e\000\040\000p\000r\000o\000g\000e\000t\000t\000u\000a\000l\000i\000\040\000g\000e\000n\000e\000r\000a\000l\000i}{section.2}% 6
\BOOKMARK [1][-]{section.3}{\376\377\000A\000r\000g\000o\000m\000e\000n\000t\000i\000\040\000t\000r\000a\000t\000t\000a\000t\000i}{}% 7
\BOOKMARK [2][-]{subsection.3.1}{\376\377\000C\000S\000P}{section.3}% 8
\BOOKMARK [3][-]{subsubsection.3.1.1}{\376\377\000D\000e\000s\000c\000r\000i\000z\000i\000o\000n\000e\000\040\000g\000e\000n\000e\000r\000a\000l\000e}{subsection.3.1}% 9
\BOOKMARK [3][-]{subsubsection.3.1.2}{\376\377\000S\000c\000e\000l\000t\000e\000\040\000p\000r\000o\000g\000e\000t\000t\000u\000a\000l\000i}{subsection.3.1}% 10
\BOOKMARK [3][-]{subsubsection.3.1.3}{\376\377\000A\000l\000g\000o\000r\000i\000t\000m\000i\000\040\000u\000t\000i\000l\000i\000z\000z\000a\000t\000i}{subsection.3.1}% 11
\BOOKMARK [3][-]{subsubsection.3.1.4}{\376\377\000A\000n\000a\000l\000i\000s\000i\000\040\000d\000e\000l\000l\000e\000\040\000p\000e\000r\000f\000o\000r\000m\000a\000n\000c\000e}{subsection.3.1}% 12
\BOOKMARK [3][-]{subsubsection.3.1.5}{\376\377\000C\000o\000n\000c\000l\000u\000s\000i\000o\000n\000i}{subsection.3.1}% 13
\BOOKMARK [2][-]{subsection.3.2}{\376\377\000O\000n\000t\000o\000l\000o\000g\000i\000e}{section.3}% 14
\BOOKMARK [3][-]{subsubsection.3.2.1}{\376\377\000D\000e\000s\000c\000r\000i\000z\000i\000o\000n\000e\000\040\000g\000e\000n\000e\000r\000a\000l\000e}{subsection.3.2}% 15
\BOOKMARK [3][-]{subsubsection.3.2.2}{\376\377\000S\000c\000e\000l\000t\000e\000\040\000p\000r\000o\000g\000e\000t\000t\000u\000a\000l\000i}{subsection.3.2}% 16
\BOOKMARK [3][-]{subsubsection.3.2.3}{\376\377\000P\000r\000o\000t\000\351\000g\000\351}{subsection.3.2}% 17
\BOOKMARK [3][-]{subsubsection.3.2.4}{\376\377\000L\000a\000v\000o\000r\000a\000r\000e\000\040\000s\000u\000l\000l\000'\000o\000n\000t\000o\000l\000o\000g\000i\000a}{subsection.3.2}% 18
\BOOKMARK [3][-]{subsubsection.3.2.5}{\376\377\000C\000o\000n\000c\000l\000u\000s\000i\000o\000n\000i}{subsection.3.2}% 19
\BOOKMARK [2][-]{subsection.3.3}{\376\377\000S\000i\000s\000t\000e\000m\000a\000\040\000e\000s\000p\000e\000r\000t\000o}{section.3}% 20
\BOOKMARK [3][-]{subsubsection.3.3.1}{\376\377\000D\000e\000s\000c\000r\000i\000z\000i\000o\000n\000e\000\040\000g\000e\000n\000e\000r\000a\000l\000e}{subsection.3.3}% 21
\BOOKMARK [3][-]{subsubsection.3.3.2}{\376\377\000S\000c\000e\000l\000t\000e\000\040\000p\000r\000o\000g\000e\000t\000t\000u\000a\000l\000i}{subsection.3.3}% 22
\BOOKMARK [3][-]{subsubsection.3.3.3}{\376\377\000R\000e\000a\000l\000i\000z\000z\000a\000z\000i\000o\000n\000e\000\040\000d\000e\000l\000\040\000s\000i\000s\000t\000e\000m\000a\000\040\000e\000s\000p\000e\000r\000t\000o}{subsection.3.3}% 23
\BOOKMARK [3][-]{subsubsection.3.3.4}{\376\377\000F\000u\000n\000z\000i\000o\000n\000a\000m\000e\000n\000t\000o}{subsection.3.3}% 24
\BOOKMARK [3][-]{subsubsection.3.3.5}{\376\377\000C\000o\000n\000c\000l\000u\000s\000i\000o\000n\000i}{subsection.3.3}% 25
\BOOKMARK [1][-]{section.4}{\376\377\000C\000o\000n\000c\000l\000u\000s\000i\000o\000n\000i\000\040\000e\000\040\000S\000v\000i\000l\000u\000p\000p\000i\000\040\000F\000u\000t\000u\000r\000i}{}% 26
\BOOKMARK [1][-]{section.5}{\376\377\000R\000i\000f\000e\000r\000i\000m\000e\000n\000t\000i\000\040\000B\000i\000b\000l\000i\000o\000g\000r\000a\000f\000i\000c\000i}{}% 27
\BOOKMARK [1][-]{section*.17}{\376\377\000A\000p\000p\000e\000n\000d\000i\000c\000e}{}% 28
\BOOKMARK [2][-]{subsection.1..1}{\376\377\000I\000n\000i\000z\000i\000a\000l\000i\000z\000z\000a\000r\000e\000\040\000i\000l\000\040\000p\000r\000o\000g\000e\000t\000t\000o}{section*.17}% 29
\BOOKMARK [3][-]{subsubsection.1..1.1}{\376\377\000S\000c\000a\000r\000i\000c\000a\000r\000e\000\040\000d\000a\000\040\000G\000i\000t\000H\000u\000b}{subsection.1..1}% 30
\BOOKMARK [3][-]{subsubsection.1..1.2}{\376\377\000I\000m\000p\000o\000s\000t\000a\000r\000e\000\040\000l\000'\000a\000m\000b\000i\000e\000n\000t\000e\000\040\000v\000i\000r\000t\000u\000a\000l\000e}{subsection.1..1}% 31
\BOOKMARK [3][-]{subsubsection.1..1.3}{\376\377\000A\000v\000v\000i\000a\000r\000e\000\040\000i\000l\000\040\000p\000r\000o\000g\000e\000t\000t\000o}{subsection.1..1}% 32
\BOOKMARK [3][-]{subsubsection.1..1.4}{\376\377\000A\000v\000v\000i\000a\000r\000e\000\040\000u\000n\000\040\000t\000e\000s\000t}{subsection.1..1}% 33
\BOOKMARK [2][-]{subsection.1..2}{\376\377\000T\000r\000o\000u\000b\000l\000e\000s\000h\000o\000o\000t\000i\000n\000g}{section*.17}% 34
\BOOKMARK [3][-]{subsubsection.1..2.1}{\376\377\000R\000i\000s\000o\000l\000v\000e\000r\000e\000\040\000i\000l\000\040\000p\000r\000o\000b\000l\000e\000m\000a\000\040\000d\000i\000\040\000e\000s\000e\000c\000u\000z\000i\000o\000n\000e\000\040\000c\000o\000n\000\040\000l\000a\000\040\000P\000o\000w\000e\000r\000S\000h\000e\000l\000l}{subsection.1..2}% 35
\BOOKMARK [3][-]{subsubsection.1..2.2}{\376\377\000E\000r\000r\000o\000r\000e\000\040\000d\000i\000\040\000e\000s\000e\000c\000u\000z\000i\000o\000n\000e\000\040\000d\000e\000l\000\040\000p\000r\000o\000g\000r\000a\000m\000m\000a\000\040\000P\000y\000t\000h\000o\000n}{subsection.1..2}% 36
